#
# There is insufficient memory for the Java Runtime Environment to continue.
# Native memory allocation (mmap) failed to map 65536 bytes for Failed to commit metaspace.
# Possible reasons:
#   The system is out of physical RAM or swap space
#   The process is running with CompressedOops enabled, and the Java Heap may be blocking the growth of the native heap
# Possible solutions:
#   Reduce memory load on the system
#   Increase physical memory or swap space
#   Check if swap backing store is full
#   Decrease Java heap size (-Xmx/-Xms)
#   Decrease number of Java threads
#   Decrease Java thread stack sizes (-Xss)
#   Set larger code cache with -XX:ReservedCodeCacheSize=
#   JVM is running with Unscaled Compressed Oops mode in which the Java heap is
#     placed in the first 4GB address space. The Java Heap base address is the
#     maximum limit for the native heap growth. Please use -XX:HeapBaseMinAddress
#     to set the Java Heap base and to place the Java Heap above 4GB virtual address.
# This output file may be truncated or incomplete.
#
#  Out of Memory Error (virtualSpaceNode.cpp:110), pid=15848, tid=7344
#
# JRE version: OpenJDK Runtime Environment Temurin-17.0.4.1+1 (17.0.4.1+1) (build 17.0.4.1+1)
# Java VM: OpenJDK 64-Bit Server VM Temurin-17.0.4.1+1 (17.0.4.1+1, mixed mode, emulated-client, tiered, compressed oops, compressed class ptrs, g1 gc, windows-amd64)
# No core dump will be written. Minidumps are not enabled by default on client versions of Windows
#

---------------  S U M M A R Y ------------

Command Line: -Dcom.sun.management.jmxremote -Dcom.sun.management.jmxremote.port=49552 -Dcom.sun.management.jmxremote.authenticate=false -Dcom.sun.management.jmxremote.ssl=false -Djava.rmi.server.hostname=localhost -Dspring.jmx.enabled=true -Dspring.application.admin.enabled=true -XX:TieredStopAtLevel=1 -Dspring.boot.project.name=spring-api-client -Dfile.encoding=UTF-8 -XX:+ShowCodeDetailsInExceptionMessages com.elildes.spring.SpringApiClientApplication --spring.output.ansi.enabled=always

Host: Intel(R) Core(TM) i3-5005U CPU @ 2.00GHz, 4 cores, 3G,  Windows 10 , 64 bit Build 19041 (10.0.19041.2251)
Time: Sun Dec 11 23:45:23 2022 Hora Padrão de Buenos Aires elapsed time: 1.810122 seconds (0d 0h 0m 1s)

---------------  T H R E A D  ---------------

Current thread (0x000001d6701d49b0):  JavaThread "main" [_thread_in_vm, id=7344, stack(0x000000a64c400000,0x000000a64c500000)]

Stack: [0x000000a64c400000,0x000000a64c500000]
Native frames: (J=compiled Java code, j=interpreted, Vv=VM code, C=native code)
V  [jvm.dll+0x67731a]
V  [jvm.dll+0x832284]
V  [jvm.dll+0x833a2e]
V  [jvm.dll+0x834093]
V  [jvm.dll+0x245775]
V  [jvm.dll+0x82e22b]
V  [jvm.dll+0x61bdf6]
V  [jvm.dll+0x1c07be]
V  [jvm.dll+0x61e741]
V  [jvm.dll+0x61c796]
V  [jvm.dll+0x23b2e7]
V  [jvm.dll+0x1e6243]
V  [jvm.dll+0x1eafe6]
V  [jvm.dll+0x1e09f1]
V  [jvm.dll+0x53c910]
V  [jvm.dll+0x1f11e7]
V  [jvm.dll+0x7ac56b]
V  [jvm.dll+0x7ad912]
V  [jvm.dll+0x7adc48]
V  [jvm.dll+0x23db7e]
V  [jvm.dll+0x23ddcf]
V  [jvm.dll+0x559f88]
V  [jvm.dll+0x55ce37]
V  [jvm.dll+0x383307]
V  [jvm.dll+0x38295f]
C  0x000001d6750991e2

Java frames: (J=compiled Java code, j=interpreted, Vv=VM code)
j  java.util.Formatter.<clinit>()V+3 java.base@17.0.4.1
v  ~StubRoutines::call_stub
j  java.lang.String.formatted([Ljava/lang/Object;)Ljava/lang/String;+0 java.base@17.0.4.1
j  jdk.jfr.internal.dcmd.DCmdStop.printHelp()[Ljava/lang/String;+13 jdk.jfr@17.0.4.1
v  ~StubRoutines::call_stub
j  com.sun.management.internal.DiagnosticCommandImpl.executeDiagnosticCommand(Ljava/lang/String;)Ljava/lang/String;+0 jdk.management@17.0.4.1
j  com.sun.management.internal.DiagnosticCommandImpl.commandDescriptor(Lcom/sun/management/internal/DiagnosticCommandImpl$Wrapper;)Ljavax/management/Descriptor;+153 jdk.management@17.0.4.1
j  com.sun.management.internal.DiagnosticCommandImpl.getMBeanInfo()Ljavax/management/MBeanInfo;+181 jdk.management@17.0.4.1
j  com.sun.jmx.interceptor.DefaultMBeanServerInterceptor.getNewMBeanClassName(Ljava/lang/Object;)Ljava/lang/String;+13 java.management@17.0.4.1
j  com.sun.jmx.interceptor.DefaultMBeanServerInterceptor.registerMBean(Ljava/lang/Object;Ljavax/management/ObjectName;)Ljavax/management/ObjectInstance;+10 java.management@17.0.4.1
j  com.sun.jmx.mbeanserver.JmxMBeanServer.registerMBean(Ljava/lang/Object;Ljavax/management/ObjectName;)Ljavax/management/ObjectInstance;+10 java.management@17.0.4.1
j  java.lang.management.ManagementFactory.lambda$addMXBean$7(Ljava/lang/Object;Ljavax/management/MBeanServer;Ljavax/management/ObjectName;)Ljava/lang/Void;+60 java.management@17.0.4.1
j  java.lang.management.ManagementFactory$$Lambda$19+0x00000001000a4460.run()Ljava/lang/Object;+12 java.management@17.0.4.1
j  java.security.AccessController.executePrivileged(Ljava/security/PrivilegedExceptionAction;Ljava/security/AccessControlContext;Ljava/lang/Class;)Ljava/lang/Object;+29 java.base@17.0.4.1
j  java.security.AccessController.doPrivileged(Ljava/security/PrivilegedExceptionAction;)Ljava/lang/Object;+9 java.base@17.0.4.1
j  java.lang.management.ManagementFactory.addMXBean(Ljavax/management/MBeanServer;Ljava/lang/String;Ljava/lang/Object;)V+13 java.management@17.0.4.1
j  java.lang.management.ManagementFactory.lambda$getPlatformMBeanServer$1(Ljava/util/Map$Entry;)V+18 java.management@17.0.4.1
j  java.lang.management.ManagementFactory$$Lambda$18+0x00000001000a2908.accept(Ljava/lang/Object;)V+4 java.management@17.0.4.1
j  java.util.stream.ForEachOps$ForEachOp$OfRef.accept(Ljava/lang/Object;)V+5 java.base@17.0.4.1
j  java.util.Collections$2.tryAdvance(Ljava/util/function/Consumer;)Z+29 java.base@17.0.4.1
j  java.util.Collections$2.forEachRemaining(Ljava/util/function/Consumer;)V+2 java.base@17.0.4.1
j  java.util.stream.ReferencePipeline$Head.forEach(Ljava/util/function/Consumer;)V+12 java.base@17.0.4.1
j  java.util.stream.ReferencePipeline$7$1.accept(Ljava/lang/Object;)V+41 java.base@17.0.4.1
j  java.util.stream.ReferencePipeline$2$1.accept(Ljava/lang/Object;)V+21 java.base@17.0.4.1
j  java.util.HashMap$ValueSpliterator.forEachRemaining(Ljava/util/function/Consumer;)V+145 java.base@17.0.4.1
j  java.util.stream.AbstractPipeline.copyInto(Ljava/util/stream/Sink;Ljava/util/Spliterator;)V+32 java.base@17.0.4.1
j  java.util.stream.AbstractPipeline.wrapAndCopyInto(Ljava/util/stream/Sink;Ljava/util/Spliterator;)Ljava/util/stream/Sink;+13 java.base@17.0.4.1
j  java.util.stream.ForEachOps$ForEachOp.evaluateSequential(Ljava/util/stream/PipelineHelper;Ljava/util/Spliterator;)Ljava/lang/Void;+3 java.base@17.0.4.1
j  java.util.stream.ForEachOps$ForEachOp$OfRef.evaluateSequential(Ljava/util/stream/PipelineHelper;Ljava/util/Spliterator;)Ljava/lang/Object;+3 java.base@17.0.4.1
j  java.util.stream.AbstractPipeline.evaluate(Ljava/util/stream/TerminalOp;)Ljava/lang/Object;+88 java.base@17.0.4.1
j  java.util.stream.ReferencePipeline.forEach(Ljava/util/function/Consumer;)V+6 java.base@17.0.4.1
j  java.lang.management.ManagementFactory.getPlatformMBeanServer()Ljavax/management/MBeanServer;+68 java.management@17.0.4.1
j  sun.management.jmxremote.ConnectorBootstrap.startRemoteConnectorServer(Ljava/lang/String;Ljava/util/Properties;)Ljavax/management/remote/JMXConnectorServer;+579 jdk.management.agent@17.0.4.1
j  jdk.internal.agent.Agent.startAgent(Ljava/util/Properties;)V+48 jdk.management.agent@17.0.4.1
j  jdk.internal.agent.Agent.startAgent()V+20 jdk.management.agent@17.0.4.1
v  ~StubRoutines::call_stub

---------------  P R O C E S S  ---------------

Threads class SMR info:
_java_thread_list=0x000001d67de02a50, length=12, elements={
0x000001d6701d49b0, 0x000001d67d04df50, 0x000001d67d04f6f0, 0x000001d67d0953a0,
0x000001d67d097f30, 0x000001d67d099800, 0x000001d67d09a0c0, 0x000001d67d09a980,
0x000001d67d0de6d0, 0x000001d67dd51930, 0x000001d67dded3a0, 0x000001d67de341a0
}

Java Threads: ( => current thread )
=>0x000001d6701d49b0 JavaThread "main" [_thread_in_vm, id=7344, stack(0x000000a64c400000,0x000000a64c500000)]
  0x000001d67d04df50 JavaThread "Reference Handler" daemon [_thread_blocked, id=17088, stack(0x000000a64cb00000,0x000000a64cc00000)]
  0x000001d67d04f6f0 JavaThread "Finalizer" daemon [_thread_blocked, id=10040, stack(0x000000a64cc00000,0x000000a64cd00000)]
  0x000001d67d0953a0 JavaThread "Signal Dispatcher" daemon [_thread_blocked, id=4232, stack(0x000000a64cd00000,0x000000a64ce00000)]
  0x000001d67d097f30 JavaThread "Attach Listener" daemon [_thread_blocked, id=15948, stack(0x000000a64ce00000,0x000000a64cf00000)]
  0x000001d67d099800 JavaThread "Service Thread" daemon [_thread_blocked, id=7860, stack(0x000000a64cf00000,0x000000a64d000000)]
  0x000001d67d09a0c0 JavaThread "Monitor Deflation Thread" daemon [_thread_blocked, id=14608, stack(0x000000a64d000000,0x000000a64d100000)]
  0x000001d67d09a980 JavaThread "C1 CompilerThread0" daemon [_thread_blocked, id=5916, stack(0x000000a64d100000,0x000000a64d200000)]
  0x000001d67d0de6d0 JavaThread "Sweeper thread" daemon [_thread_blocked, id=8624, stack(0x000000a64d200000,0x000000a64d300000)]
  0x000001d67dd51930 JavaThread "Common-Cleaner" daemon [_thread_blocked, id=13756, stack(0x000000a64d300000,0x000000a64d400000)]
  0x000001d67dded3a0 JavaThread "C1 CompilerThread1" daemon [_thread_blocked, id=6524, stack(0x000000a64d400000,0x000000a64d500000)]
  0x000001d67de341a0 JavaThread "Notification Thread" daemon [_thread_blocked, id=3872, stack(0x000000a64d500000,0x000000a64d600000)]

Other Threads:
  0x000001d67d06dd30 VMThread "VM Thread" [stack: 0x000000a64ca00000,0x000000a64cb00000] [id=16812]
  0x000001d670211c40 GCTaskThread "GC Thread#0" [stack: 0x000000a64c500000,0x000000a64c600000] [id=11536]
  0x000001d67021b7e0 ConcurrentGCThread "G1 Main Marker" [stack: 0x000000a64c600000,0x000000a64c700000] [id=5280]
  0x000001d67021c100 ConcurrentGCThread "G1 Conc#0" [stack: 0x000000a64c700000,0x000000a64c800000] [id=4684]
  0x000001d670269670 ConcurrentGCThread "G1 Refine#0" [stack: 0x000000a64c800000,0x000000a64c900000] [id=6160]
  0x000001d670269fa0 ConcurrentGCThread "G1 Service" [stack: 0x000000a64c900000,0x000000a64ca00000] [id=11000]

Threads with active compile tasks:

VM state: not at safepoint (normal execution)

VM Mutex/Monitor currently owned by a thread:  ([mutex/lock_event])
[0x000001d6701cf720] Metaspace_lock - owner thread: 0x000001d6701d49b0

Heap address: 0x00000000c1600000, size: 1002 MB, Compressed Oops mode: 32-bit

CDS archive(s) not mapped
Compressed class space mapped at: 0x0000000100000000-0x0000000140000000, reserved size: 1073741824
Narrow klass base: 0x0000000000000000, Narrow klass shift: 3, Narrow klass range: 0x140000000

GC Precious Log:
 CPUs: 4 total, 4 available
 Memory: 4006M
 Large Page Support: Disabled
 NUMA Support: Disabled
 Compressed Oops: Enabled (32-bit)
 Heap Region Size: 1M
 Heap Min Capacity: 8M
 Heap Initial Capacity: 64M
 Heap Max Capacity: 1002M
 Pre-touch: Disabled
 Parallel Workers: 4
 Concurrent Workers: 1
 Concurrent Refinement Workers: 4
 Periodic GC: Disabled

Heap:
 garbage-first heap   total 65536K, used 12288K [0x00000000c1600000, 0x0000000100000000)
  region size 1024K, 12 young (12288K), 0 survivors (0K)
 Metaspace       used 8813K, committed 8896K, reserved 1056768K
  class space    used 843K, committed 896K, reserved 1048576K

Heap Regions: E=young(eden), S=young(survivor), O=old, HS=humongous(starts), HC=humongous(continues), CS=collection set, F=free, OA=open archive, CA=closed archive, TAMS=top-at-mark-start (previous, next)
|   0|0x00000000c1600000, 0x00000000c1700000, 0x00000000c1700000|100%|HS|  |TAMS 0x00000000c1600000, 0x00000000c1600000| Complete 
|   1|0x00000000c1700000, 0x00000000c1800000, 0x00000000c1800000|100%|HS|  |TAMS 0x00000000c1700000, 0x00000000c1700000| Complete 
|   2|0x00000000c1800000, 0x00000000c1800000, 0x00000000c1900000|  0%| F|  |TAMS 0x00000000c1800000, 0x00000000c1800000| Untracked 
|   3|0x00000000c1900000, 0x00000000c1900000, 0x00000000c1a00000|  0%| F|  |TAMS 0x00000000c1900000, 0x00000000c1900000| Untracked 
|   4|0x00000000c1a00000, 0x00000000c1a00000, 0x00000000c1b00000|  0%| F|  |TAMS 0x00000000c1a00000, 0x00000000c1a00000| Untracked 
|   5|0x00000000c1b00000, 0x00000000c1b00000, 0x00000000c1c00000|  0%| F|  |TAMS 0x00000000c1b00000, 0x00000000c1b00000| Untracked 
|   6|0x00000000c1c00000, 0x00000000c1c00000, 0x00000000c1d00000|  0%| F|  |TAMS 0x00000000c1c00000, 0x00000000c1c00000| Untracked 
|   7|0x00000000c1d00000, 0x00000000c1d00000, 0x00000000c1e00000|  0%| F|  |TAMS 0x00000000c1d00000, 0x00000000c1d00000| Untracked 
|   8|0x00000000c1e00000, 0x00000000c1e00000, 0x00000000c1f00000|  0%| F|  |TAMS 0x00000000c1e00000, 0x00000000c1e00000| Untracked 
|   9|0x00000000c1f00000, 0x00000000c1f00000, 0x00000000c2000000|  0%| F|  |TAMS 0x00000000c1f00000, 0x00000000c1f00000| Untracked 
|  10|0x00000000c2000000, 0x00000000c2000000, 0x00000000c2100000|  0%| F|  |TAMS 0x00000000c2000000, 0x00000000c2000000| Untracked 
|  11|0x00000000c2100000, 0x00000000c2100000, 0x00000000c2200000|  0%| F|  |TAMS 0x00000000c2100000, 0x00000000c2100000| Untracked 
|  12|0x00000000c2200000, 0x00000000c2200000, 0x00000000c2300000|  0%| F|  |TAMS 0x00000000c2200000, 0x00000000c2200000| Untracked 
|  13|0x00000000c2300000, 0x00000000c2300000, 0x00000000c2400000|  0%| F|  |TAMS 0x00000000c2300000, 0x00000000c2300000| Untracked 
|  14|0x00000000c2400000, 0x00000000c2400000, 0x00000000c2500000|  0%| F|  |TAMS 0x00000000c2400000, 0x00000000c2400000| Untracked 
|  15|0x00000000c2500000, 0x00000000c2500000, 0x00000000c2600000|  0%| F|  |TAMS 0x00000000c2500000, 0x00000000c2500000| Untracked 
|  16|0x00000000c2600000, 0x00000000c2600000, 0x00000000c2700000|  0%| F|  |TAMS 0x00000000c2600000, 0x00000000c2600000| Untracked 
|  17|0x00000000c2700000, 0x00000000c2700000, 0x00000000c2800000|  0%| F|  |TAMS 0x00000000c2700000, 0x00000000c2700000| Untracked 
|  18|0x00000000c2800000, 0x00000000c2800000, 0x00000000c2900000|  0%| F|  |TAMS 0x00000000c2800000, 0x00000000c2800000| Untracked 
|  19|0x00000000c2900000, 0x00000000c2900000, 0x00000000c2a00000|  0%| F|  |TAMS 0x00000000c2900000, 0x00000000c2900000| Untracked 
|  20|0x00000000c2a00000, 0x00000000c2a00000, 0x00000000c2b00000|  0%| F|  |TAMS 0x00000000c2a00000, 0x00000000c2a00000| Untracked 
|  21|0x00000000c2b00000, 0x00000000c2b00000, 0x00000000c2c00000|  0%| F|  |TAMS 0x00000000c2b00000, 0x00000000c2b00000| Untracked 
|  22|0x00000000c2c00000, 0x00000000c2c00000, 0x00000000c2d00000|  0%| F|  |TAMS 0x00000000c2c00000, 0x00000000c2c00000| Untracked 
|  23|0x00000000c2d00000, 0x00000000c2d00000, 0x00000000c2e00000|  0%| F|  |TAMS 0x00000000c2d00000, 0x00000000c2d00000| Untracked 
|  24|0x00000000c2e00000, 0x00000000c2e00000, 0x00000000c2f00000|  0%| F|  |TAMS 0x00000000c2e00000, 0x00000000c2e00000| Untracked 
|  25|0x00000000c2f00000, 0x00000000c2f00000, 0x00000000c3000000|  0%| F|  |TAMS 0x00000000c2f00000, 0x00000000c2f00000| Untracked 
|  26|0x00000000c3000000, 0x00000000c3000000, 0x00000000c3100000|  0%| F|  |TAMS 0x00000000c3000000, 0x00000000c3000000| Untracked 
|  27|0x00000000c3100000, 0x00000000c3100000, 0x00000000c3200000|  0%| F|  |TAMS 0x00000000c3100000, 0x00000000c3100000| Untracked 
|  28|0x00000000c3200000, 0x00000000c3200000, 0x00000000c3300000|  0%| F|  |TAMS 0x00000000c3200000, 0x00000000c3200000| Untracked 
|  29|0x00000000c3300000, 0x00000000c3300000, 0x00000000c3400000|  0%| F|  |TAMS 0x00000000c3300000, 0x00000000c3300000| Untracked 
|  30|0x00000000c3400000, 0x00000000c3400000, 0x00000000c3500000|  0%| F|  |TAMS 0x00000000c3400000, 0x00000000c3400000| Untracked 
|  31|0x00000000c3500000, 0x00000000c3500000, 0x00000000c3600000|  0%| F|  |TAMS 0x00000000c3500000, 0x00000000c3500000| Untracked 
|  32|0x00000000c3600000, 0x00000000c3600000, 0x00000000c3700000|  0%| F|  |TAMS 0x00000000c3600000, 0x00000000c3600000| Untracked 
|  33|0x00000000c3700000, 0x00000000c3700000, 0x00000000c3800000|  0%| F|  |TAMS 0x00000000c3700000, 0x00000000c3700000| Untracked 
|  34|0x00000000c3800000, 0x00000000c3800000, 0x00000000c3900000|  0%| F|  |TAMS 0x00000000c3800000, 0x00000000c3800000| Untracked 
|  35|0x00000000c3900000, 0x00000000c3900000, 0x00000000c3a00000|  0%| F|  |TAMS 0x00000000c3900000, 0x00000000c3900000| Untracked 
|  36|0x00000000c3a00000, 0x00000000c3a00000, 0x00000000c3b00000|  0%| F|  |TAMS 0x00000000c3a00000, 0x00000000c3a00000| Untracked 
|  37|0x00000000c3b00000, 0x00000000c3b00000, 0x00000000c3c00000|  0%| F|  |TAMS 0x00000000c3b00000, 0x00000000c3b00000| Untracked 
|  38|0x00000000c3c00000, 0x00000000c3c00000, 0x00000000c3d00000|  0%| F|  |TAMS 0x00000000c3c00000, 0x00000000c3c00000| Untracked 
|  39|0x00000000c3d00000, 0x00000000c3d00000, 0x00000000c3e00000|  0%| F|  |TAMS 0x00000000c3d00000, 0x00000000c3d00000| Untracked 
|  40|0x00000000c3e00000, 0x00000000c3e00000, 0x00000000c3f00000|  0%| F|  |TAMS 0x00000000c3e00000, 0x00000000c3e00000| Untracked 
|  41|0x00000000c3f00000, 0x00000000c3f00000, 0x00000000c4000000|  0%| F|  |TAMS 0x00000000c3f00000, 0x00000000c3f00000| Untracked 
|  42|0x00000000c4000000, 0x00000000c4000000, 0x00000000c4100000|  0%| F|  |TAMS 0x00000000c4000000, 0x00000000c4000000| Untracked 
|  43|0x00000000c4100000, 0x00000000c4100000, 0x00000000c4200000|  0%| F|  |TAMS 0x00000000c4100000, 0x00000000c4100000| Untracked 
|  44|0x00000000c4200000, 0x00000000c4200000, 0x00000000c4300000|  0%| F|  |TAMS 0x00000000c4200000, 0x00000000c4200000| Untracked 
|  45|0x00000000c4300000, 0x00000000c4300000, 0x00000000c4400000|  0%| F|  |TAMS 0x00000000c4300000, 0x00000000c4300000| Untracked 
|  46|0x00000000c4400000, 0x00000000c4400000, 0x00000000c4500000|  0%| F|  |TAMS 0x00000000c4400000, 0x00000000c4400000| Untracked 
|  47|0x00000000c4500000, 0x00000000c4500000, 0x00000000c4600000|  0%| F|  |TAMS 0x00000000c4500000, 0x00000000c4500000| Untracked 
|  48|0x00000000c4600000, 0x00000000c4600000, 0x00000000c4700000|  0%| F|  |TAMS 0x00000000c4600000, 0x00000000c4600000| Untracked 
|  49|0x00000000c4700000, 0x00000000c4700000, 0x00000000c4800000|  0%| F|  |TAMS 0x00000000c4700000, 0x00000000c4700000| Untracked 
|  50|0x00000000c4800000, 0x00000000c4800000, 0x00000000c4900000|  0%| F|  |TAMS 0x00000000c4800000, 0x00000000c4800000| Untracked 
|  51|0x00000000c4900000, 0x00000000c4900000, 0x00000000c4a00000|  0%| F|  |TAMS 0x00000000c4900000, 0x00000000c4900000| Untracked 
|  52|0x00000000c4a00000, 0x00000000c4a43120, 0x00000000c4b00000| 26%| E|  |TAMS 0x00000000c4a00000, 0x00000000c4a00000| Complete 
|  53|0x00000000c4b00000, 0x00000000c4c00000, 0x00000000c4c00000|100%| E|CS|TAMS 0x00000000c4b00000, 0x00000000c4b00000| Complete 
|  54|0x00000000c4c00000, 0x00000000c4d00000, 0x00000000c4d00000|100%| E|CS|TAMS 0x00000000c4c00000, 0x00000000c4c00000| Complete 
|  55|0x00000000c4d00000, 0x00000000c4e00000, 0x00000000c4e00000|100%| E|CS|TAMS 0x00000000c4d00000, 0x00000000c4d00000| Complete 
|  56|0x00000000c4e00000, 0x00000000c4f00000, 0x00000000c4f00000|100%| E|  |TAMS 0x00000000c4e00000, 0x00000000c4e00000| Complete 
|  57|0x00000000c4f00000, 0x00000000c5000000, 0x00000000c5000000|100%| E|CS|TAMS 0x00000000c4f00000, 0x00000000c4f00000| Complete 
|  58|0x00000000c5000000, 0x00000000c5100000, 0x00000000c5100000|100%| E|CS|TAMS 0x00000000c5000000, 0x00000000c5000000| Complete 
|  59|0x00000000c5100000, 0x00000000c5200000, 0x00000000c5200000|100%| E|CS|TAMS 0x00000000c5100000, 0x00000000c5100000| Complete 
|  60|0x00000000c5200000, 0x00000000c5300000, 0x00000000c5300000|100%| E|CS|TAMS 0x00000000c5200000, 0x00000000c5200000| Complete 
|  61|0x00000000c5300000, 0x00000000c5400000, 0x00000000c5400000|100%| E|CS|TAMS 0x00000000c5300000, 0x00000000c5300000| Complete 
|  62|0x00000000c5400000, 0x00000000c5500000, 0x00000000c5500000|100%| E|CS|TAMS 0x00000000c5400000, 0x00000000c5400000| Complete 
|  63|0x00000000c5500000, 0x00000000c5600000, 0x00000000c5600000|100%| E|CS|TAMS 0x00000000c5500000, 0x00000000c5500000| Complete 

Card table byte_map: [0x000001d678720000,0x000001d678920000] _byte_map_base: 0x000001d678115000

Marking Bits (Prev, Next): (CMBitMap*) 0x000001d670213170, (CMBitMap*) 0x000001d6702131b0
 Prev Bits: [0x000001d678b20000, 0x000001d679ac8000)
 Next Bits: [0x000001d679ad0000, 0x000001d67aa78000)

Polling page: 0x000001d6702a0000

Metaspace:

Usage:
  Non-class:      7.78 MB used.
      Class:    843.23 KB used.
       Both:      8.61 MB used.

Virtual space:
  Non-class space:        8.00 MB reserved,       7.81 MB ( 98%) committed,  1 nodes.
      Class space:        1.00 GB reserved,     896.00 KB ( <1%) committed,  1 nodes.
             Both:        1.01 GB reserved,       8.69 MB ( <1%) committed. 

Chunk freelists:
   Non-Class:  76.00 KB
       Class:  3.10 MB
        Both:  3.17 MB

MaxMetaspaceSize: unlimited
CompressedClassSpaceSize: 1.00 GB
Initial GC threshold: 21.00 MB
Current GC threshold: 21.00 MB
CDS: off
MetaspaceReclaimPolicy: balanced
 - commit_granule_bytes: 65536.
 - commit_granule_words: 8192.
 - virtual_space_node_default_size: 1048576.
 - enlarge_chunks_in_place: 1.
 - new_chunks_are_fully_committed: 0.
 - uncommit_free_chunks: 1.
 - use_allocation_guard: 0.
 - handle_deallocations: 1.


Internal statistics:

num_allocs_failed_limit: 0.
num_arena_births: 58.
num_arena_deaths: 0.
num_vsnodes_births: 2.
num_vsnodes_deaths: 0.
num_space_committed: 139.
num_space_uncommitted: 0.
num_chunks_returned_to_freelist: 0.
num_chunks_taken_from_freelist: 80.
num_chunk_merges: 0.
num_chunk_splits: 46.
num_chunks_enlarged: 28.
num_purges: 0.
num_inconsistent_stats: 0.

CodeCache: size=49152Kb used=2535Kb max_used=2535Kb free=46616Kb
 bounds [0x000001d675080000, 0x000001d675300000, 0x000001d678080000]
 total_blobs=1065 nmethods=682 adapters=310
 compilation: enabled
              stopped_count=0, restarted_count=0
 full_count=0

Compilation events (20 events):
Event: 1.773 Thread 0x000001d67d09a980 nmethod 673 0x000001d6752f6f90 code [0x000001d6752f7120, 0x000001d6752f7208]
Event: 1.773 Thread 0x000001d67d09a980  675       1       java.lang.reflect.Method::<init> (68 bytes)
Event: 1.773 Thread 0x000001d67dded3a0 nmethod 674 0x000001d6752f7290 code [0x000001d6752f7440, 0x000001d6752f7758]
Event: 1.773 Thread 0x000001d67d09a980 nmethod 675 0x000001d6752f7810 code [0x000001d6752f79c0, 0x000001d6752f7df8]
Event: 1.774 Thread 0x000001d67dded3a0  676       1       java.lang.Class::reflectionData (43 bytes)
Event: 1.774 Thread 0x000001d67dded3a0 nmethod 676 0x000001d6752f7e90 code [0x000001d6752f8040, 0x000001d6752f8208]
Event: 1.775 Thread 0x000001d67dded3a0  677       1       java.util.IdentityHashMap::hash (18 bytes)
Event: 1.775 Thread 0x000001d67dded3a0 nmethod 677 0x000001d6752f8310 code [0x000001d6752f84a0, 0x000001d6752f8588]
Event: 1.775 Thread 0x000001d67dded3a0  678       1       java.util.IdentityHashMap::maskNull (12 bytes)
Event: 1.775 Thread 0x000001d67dded3a0 nmethod 678 0x000001d6752f8610 code [0x000001d6752f87a0, 0x000001d6752f8858]
Event: 1.778 Thread 0x000001d67dded3a0  679       1       javax.management.MBeanFeatureInfo::getName (5 bytes)
Event: 1.779 Thread 0x000001d67d09a980  680       1       java.lang.reflect.Method::getRoot (5 bytes)
Event: 1.779 Thread 0x000001d67dded3a0 nmethod 679 0x000001d6752f8910 code [0x000001d6752f8aa0, 0x000001d6752f8b78]
Event: 1.779 Thread 0x000001d67d09a980 nmethod 680 0x000001d6752f8c10 code [0x000001d6752f8da0, 0x000001d6752f8e78]
Event: 1.781 Thread 0x000001d67dded3a0  681       1       javax.management.StandardMBean::equal (23 bytes)
Event: 1.781 Thread 0x000001d67dded3a0 nmethod 681 0x000001d6752f8f10 code [0x000001d6752f90c0, 0x000001d6752f9208]
Event: 1.790 Thread 0x000001d67dded3a0  682       1       java.util.HashMap$EntryIterator::next (5 bytes)
Event: 1.790 Thread 0x000001d67dded3a0 nmethod 682 0x000001d6752f9890 code [0x000001d6752f9a20, 0x000001d6752f9b08]
Event: 1.790 Thread 0x000001d67dded3a0  683       1       java.util.HashMap$EntryIterator::next (5 bytes)
Event: 1.790 Thread 0x000001d67dded3a0 nmethod 683 0x000001d6752f9b90 code [0x000001d6752f9d20, 0x000001d6752f9e08]

GC Heap History (0 events):
No events

Deoptimization events (0 events):
No events

Classes unloaded (0 events):
No events

Classes redefined (0 events):
No events

Internal exceptions (5 events):
Event: 1.374 Thread 0x000001d6701d49b0 Exception <a 'java/lang/NoSuchMethodError'{0x00000000c4c6d540}: 'java.lang.Object java.lang.invoke.DirectMethodHandle$Holder.invokeStaticInit(java.lang.Object)'> (0x00000000c4c6d540) 
thrown [s\src\hotspot\share\interpreter\linkResolver.cpp, line 759]
Event: 1.448 Thread 0x000001d6701d49b0 Exception <a 'java/lang/NoSuchMethodError'{0x00000000c4c892f8}: 'int java.lang.invoke.DirectMethodHandle$Holder.invokeInterface(java.lang.Object, java.lang.Object)'> (0x00000000c4c892f8) 
thrown [s\src\hotspot\share\interpreter\linkResolver.cpp, line 759]
Event: 1.450 Thread 0x000001d6701d49b0 Exception <a 'java/lang/IncompatibleClassChangeError'{0x00000000c4c8c8f8}: Found class java.lang.Object, but interface was expected> (0x00000000c4c8c8f8) 
thrown [s\src\hotspot\share\interpreter\linkResolver.cpp, line 826]
Event: 1.454 Thread 0x000001d6701d49b0 Exception <a 'java/lang/NoSuchMethodError'{0x00000000c4c924a8}: 'void java.lang.invoke.DirectMethodHandle$Holder.invokeStatic(java.lang.Object, java.lang.Object)'> (0x00000000c4c924a8) 
thrown [s\src\hotspot\share\interpreter\linkResolver.cpp, line 759]
Event: 1.680 Thread 0x000001d6701d49b0 Exception <a 'java/lang/NoSuchMethodError'{0x00000000c4b85278}: 'int java.lang.invoke.DirectMethodHandle$Holder.invokeSpecial(java.lang.Object, java.lang.Object, java.lang.Object)'> (0x00000000c4b85278) 
thrown [s\src\hotspot\share\interpreter\linkResolver.cpp, line 759]

VM Operations (8 events):
Event: 0.875 Executing VM operation: HandshakeAllThreads
Event: 0.875 Executing VM operation: HandshakeAllThreads done
Event: 1.468 Executing VM operation: HandshakeAllThreads
Event: 1.468 Executing VM operation: HandshakeAllThreads done
Event: 1.468 Executing VM operation: Cleanup
Event: 1.468 Executing VM operation: Cleanup done
Event: 1.473 Executing VM operation: HandshakeAllThreads
Event: 1.474 Executing VM operation: HandshakeAllThreads done

Events (20 events):
Event: 1.782 loading class com/sun/management/internal/DiagnosticCommandInfo done
Event: 1.782 loading class com/sun/management/internal/DiagnosticCommandArgumentInfo
Event: 1.782 loading class com/sun/management/internal/DiagnosticCommandArgumentInfo done
Event: 1.783 loading class jdk/jfr/internal/dcmd/DCmdStop
Event: 1.783 loading class jdk/jfr/internal/dcmd/AbstractDCmd
Event: 1.783 loading class jdk/jfr/internal/dcmd/AbstractDCmd done
Event: 1.783 loading class jdk/jfr/internal/dcmd/DCmdStop done
Event: 1.784 loading class jdk/jfr/internal/dcmd/Argument
Event: 1.784 loading class jdk/jfr/internal/dcmd/Argument done
Event: 1.784 loading class jdk/jfr/internal/dcmd/DCmdStart
Event: 1.785 loading class jdk/jfr/internal/dcmd/DCmdStart done
Event: 1.786 loading class jdk/jfr/internal/dcmd/DCmdDump
Event: 1.786 loading class jdk/jfr/internal/dcmd/DCmdDump done
Event: 1.787 loading class jdk/jfr/internal/dcmd/DCmdCheck
Event: 1.787 loading class jdk/jfr/internal/dcmd/DCmdCheck done
Event: 1.789 loading class com/sun/management/internal/DiagnosticCommandImpl$Wrapper
Event: 1.789 loading class com/sun/management/internal/DiagnosticCommandImpl$Wrapper done
Event: 1.791 loading class java/util/Formatter
Event: 1.791 loading class java/util/Formatter done
Event: 1.791 loading class java/util/regex/Pattern


Dynamic libraries:
0x00007ff7d8500000 - 0x00007ff7d850e000 	C:\Users\elildes\Documents\App\sts-4.16.1.RELEASE\plugins\org.eclipse.justj.openjdk.hotspot.jre.full.win32.x86_64_17.0.4.v20221004-1257\jre\bin\javaw.exe
0x00007ffb45b90000 - 0x00007ffb45d88000 	C:\WINDOWS\SYSTEM32\ntdll.dll
0x00007ffb45550000 - 0x00007ffb4560f000 	C:\WINDOWS\System32\KERNEL32.DLL
0x00007ffb43650000 - 0x00007ffb43922000 	C:\WINDOWS\System32\KERNELBASE.dll
0x00007ffb43a70000 - 0x00007ffb43b70000 	C:\WINDOWS\System32\ucrtbase.dll
0x00007ffb3aa90000 - 0x00007ffb3aaa8000 	C:\Users\elildes\Documents\App\sts-4.16.1.RELEASE\plugins\org.eclipse.justj.openjdk.hotspot.jre.full.win32.x86_64_17.0.4.v20221004-1257\jre\bin\jli.dll
0x00007ffb2df20000 - 0x00007ffb2df39000 	C:\Users\elildes\Documents\App\sts-4.16.1.RELEASE\plugins\org.eclipse.justj.openjdk.hotspot.jre.full.win32.x86_64_17.0.4.v20221004-1257\jre\bin\VCRUNTIME140.dll
0x00007ffb448b0000 - 0x00007ffb44a4d000 	C:\WINDOWS\System32\USER32.dll
0x00007ffb43930000 - 0x00007ffb43952000 	C:\WINDOWS\System32\win32u.dll
0x00007ffb321b0000 - 0x00007ffb3244a000 	C:\WINDOWS\WinSxS\amd64_microsoft.windows.common-controls_6595b64144ccf1df_6.0.19041.1110_none_60b5254171f9507e\COMCTL32.dll
0x00007ffb459a0000 - 0x00007ffb459cb000 	C:\WINDOWS\System32\GDI32.dll
0x00007ffb44090000 - 0x00007ffb4412e000 	C:\WINDOWS\System32\msvcrt.dll
0x00007ffb43960000 - 0x00007ffb43a6f000 	C:\WINDOWS\System32\gdi32full.dll
0x00007ffb43340000 - 0x00007ffb433dd000 	C:\WINDOWS\System32\msvcp_win.dll
0x00007ffb43c80000 - 0x00007ffb43cb2000 	C:\WINDOWS\System32\IMM32.DLL
0x00007ffb3ed20000 - 0x00007ffb3ed2c000 	C:\Users\elildes\Documents\App\sts-4.16.1.RELEASE\plugins\org.eclipse.justj.openjdk.hotspot.jre.full.win32.x86_64_17.0.4.v20221004-1257\jre\bin\vcruntime140_1.dll
0x00007ffaf9130000 - 0x00007ffaf91c1000 	C:\Users\elildes\Documents\App\sts-4.16.1.RELEASE\plugins\org.eclipse.justj.openjdk.hotspot.jre.full.win32.x86_64_17.0.4.v20221004-1257\jre\bin\msvcp140.dll
0x00007ffadc2b0000 - 0x00007ffadcef6000 	C:\Users\elildes\Documents\App\sts-4.16.1.RELEASE\plugins\org.eclipse.justj.openjdk.hotspot.jre.full.win32.x86_64_17.0.4.v20221004-1257\jre\bin\server\jvm.dll
0x00007ffb44800000 - 0x00007ffb448ae000 	C:\WINDOWS\System32\ADVAPI32.dll
0x00007ffb43be0000 - 0x00007ffb43c7c000 	C:\WINDOWS\System32\sechost.dll
0x00007ffb445a0000 - 0x00007ffb446c5000 	C:\WINDOWS\System32\RPCRT4.dll
0x00007ffb45990000 - 0x00007ffb45998000 	C:\WINDOWS\System32\PSAPI.DLL
0x00007ffb26320000 - 0x00007ffb26329000 	C:\WINDOWS\SYSTEM32\WSOCK32.dll
0x00007ffb45630000 - 0x00007ffb4569b000 	C:\WINDOWS\System32\WS2_32.dll
0x00007ffb34fc0000 - 0x00007ffb34fe7000 	C:\WINDOWS\SYSTEM32\WINMM.dll
0x00007ffb36270000 - 0x00007ffb3627a000 	C:\WINDOWS\SYSTEM32\VERSION.dll
0x00007ffb41110000 - 0x00007ffb41122000 	C:\WINDOWS\SYSTEM32\kernel.appcore.dll
0x00007ffb3aac0000 - 0x00007ffb3aaca000 	C:\Users\elildes\Documents\App\sts-4.16.1.RELEASE\plugins\org.eclipse.justj.openjdk.hotspot.jre.full.win32.x86_64_17.0.4.v20221004-1257\jre\bin\jimage.dll
0x00007ffb335f0000 - 0x00007ffb337d4000 	C:\WINDOWS\SYSTEM32\DBGHELP.DLL
0x00007ffb343d0000 - 0x00007ffb343fc000 	C:\WINDOWS\SYSTEM32\dbgcore.DLL
0x00007ffb433e0000 - 0x00007ffb43462000 	C:\WINDOWS\System32\bcryptPrimitives.dll
0x00007ffae6b80000 - 0x00007ffae6ba5000 	C:\Users\elildes\Documents\App\sts-4.16.1.RELEASE\plugins\org.eclipse.justj.openjdk.hotspot.jre.full.win32.x86_64_17.0.4.v20221004-1257\jre\bin\java.dll
0x00007ffb13610000 - 0x00007ffb13628000 	C:\Users\elildes\Documents\App\sts-4.16.1.RELEASE\plugins\org.eclipse.justj.openjdk.hotspot.jre.full.win32.x86_64_17.0.4.v20221004-1257\jre\bin\zip.dll
0x00007ffb44cd0000 - 0x00007ffb45413000 	C:\WINDOWS\System32\SHELL32.dll
0x00007ffb41310000 - 0x00007ffb41aa2000 	C:\WINDOWS\SYSTEM32\windows.storage.dll
0x00007ffb43d20000 - 0x00007ffb44074000 	C:\WINDOWS\System32\combase.dll
0x00007ffb42b30000 - 0x00007ffb42b60000 	C:\WINDOWS\SYSTEM32\Wldp.dll
0x00007ffb454a0000 - 0x00007ffb4554d000 	C:\WINDOWS\System32\SHCORE.dll
0x00007ffb459d0000 - 0x00007ffb45a25000 	C:\WINDOWS\System32\shlwapi.dll
0x00007ffb431d0000 - 0x00007ffb431ef000 	C:\WINDOWS\SYSTEM32\profapi.dll
0x00007ffb0ccd0000 - 0x00007ffb0cce9000 	C:\Users\elildes\Documents\App\sts-4.16.1.RELEASE\plugins\org.eclipse.justj.openjdk.hotspot.jre.full.win32.x86_64_17.0.4.v20221004-1257\jre\bin\net.dll
0x00007ffb37a20000 - 0x00007ffb37b2c000 	C:\WINDOWS\SYSTEM32\WINHTTP.dll
0x00007ffb42910000 - 0x00007ffb4297a000 	C:\WINDOWS\system32\mswsock.dll
0x00007ffb07c40000 - 0x00007ffb07c55000 	C:\Users\elildes\Documents\App\sts-4.16.1.RELEASE\plugins\org.eclipse.justj.openjdk.hotspot.jre.full.win32.x86_64_17.0.4.v20221004-1257\jre\bin\nio.dll
0x00007ffb1d2f0000 - 0x00007ffb1d2f9000 	C:\Users\elildes\Documents\App\sts-4.16.1.RELEASE\plugins\org.eclipse.justj.openjdk.hotspot.jre.full.win32.x86_64_17.0.4.v20221004-1257\jre\bin\management.dll
0x00007ffb1d2e0000 - 0x00007ffb1d2eb000 	C:\Users\elildes\Documents\App\sts-4.16.1.RELEASE\plugins\org.eclipse.justj.openjdk.hotspot.jre.full.win32.x86_64_17.0.4.v20221004-1257\jre\bin\management_ext.dll

dbghelp: loaded successfully - version: 4.0.5 - missing functions: none
symbol engine: initialized successfully - sym options: 0x614 - pdb path: .;C:\Users\elildes\Documents\App\sts-4.16.1.RELEASE\plugins\org.eclipse.justj.openjdk.hotspot.jre.full.win32.x86_64_17.0.4.v20221004-1257\jre\bin;C:\WINDOWS\SYSTEM32;C:\WINDOWS\WinSxS\amd64_microsoft.windows.common-controls_6595b64144ccf1df_6.0.19041.1110_none_60b5254171f9507e;C:\Users\elildes\Documents\App\sts-4.16.1.RELEASE\plugins\org.eclipse.justj.openjdk.hotspot.jre.full.win32.x86_64_17.0.4.v20221004-1257\jre\bin\server

VM Arguments:
jvm_args: -Dcom.sun.management.jmxremote -Dcom.sun.management.jmxremote.port=49552 -Dcom.sun.management.jmxremote.authenticate=false -Dcom.sun.management.jmxremote.ssl=false -Djava.rmi.server.hostname=localhost -Dspring.jmx.enabled=true -Dspring.application.admin.enabled=true -XX:TieredStopAtLevel=1 -Dspring.boot.project.name=spring-api-client -Dfile.encoding=UTF-8 -XX:+ShowCodeDetailsInExceptionMessages 
java_command: com.elildes.spring.SpringApiClientApplication --spring.output.ansi.enabled=always
java_class_path (initial): C:\Users\elildes\Documents\App\workspace-spring-tool\spring-api-client\target\classes;C:\Users\elildes\.m2\repository\org\springframework\boot\spring-boot-starter-web\3.0.0\spring-boot-starter-web-3.0.0.jar;C:\Users\elildes\.m2\repository\org\springframework\boot\spring-boot-starter\3.0.0\spring-boot-starter-3.0.0.jar;C:\Users\elildes\.m2\repository\org\springframework\boot\spring-boot-starter-logging\3.0.0\spring-boot-starter-logging-3.0.0.jar;C:\Users\elildes\.m2\repository\ch\qos\logback\logback-classic\1.4.5\logback-classic-1.4.5.jar;C:\Users\elildes\.m2\repository\ch\qos\logback\logback-core\1.4.5\logback-core-1.4.5.jar;C:\Users\elildes\.m2\repository\org\apache\logging\log4j\log4j-to-slf4j\2.19.0\log4j-to-slf4j-2.19.0.jar;C:\Users\elildes\.m2\repository\org\apache\logging\log4j\log4j-api\2.19.0\log4j-api-2.19.0.jar;C:\Users\elildes\.m2\repository\org\slf4j\jul-to-slf4j\2.0.4\jul-to-slf4j-2.0.4.jar;C:\Users\elildes\.m2\repository\jakarta\annotation\jakarta.annotation-api\2.1.1\jakarta.annotation-api-2.1.1.jar;C:\Users\elildes\.m2\repository\org\yaml\snakeyaml\1.33\snakeyaml-1.33.jar;C:\Users\elildes\.m2\repository\org\springframework\boot\spring-boot-starter-json\3.0.0\spring-boot-starter-json-3.0.0.jar;C:\Users\elildes\.m2\repository\com\fasterxml\jackson\datatype\jackson-datatype-jdk8\2.14.1\jackson-datatype-jdk8-2.14.1.jar;C:\Users\elildes\.m2\repository\com\fasterxml\jackson\datatype\jackson-datatype-jsr310\2.14.1\jackson-datatype-jsr310-2.14.1.jar;C:\Users\elildes\.m2\repository\com\fasterxml\jackson\module\jackson-module-parameter-names\2.14.1\jackson-module-parameter-names-2.14.1.jar;C:\Users\elildes\.m2\repository\org\springframework\boot\spring-boot-starter-tomcat\3.0.0\spring-boot-starter-tomcat-3.0.0.jar;C:\Users\elildes\.m2\repository\org\apache\tomcat\embed\tomcat-embed-core\10.1.1\tomcat-embed-core-10.1.1.jar;C:\Users\elildes\.m2\repository\org\apache\tomcat\embed\tomcat-embed-el\10.1.1\tomcat-embed-el-10.1.1.jar;C:\Us
Launcher Type: SUN_STANDARD

[Global flags]
     intx CICompilerCount                          = 3                                         {product} {ergonomic}
     uint ConcGCThreads                            = 1                                         {product} {ergonomic}
     uint G1ConcRefinementThreads                  = 4                                         {product} {ergonomic}
   size_t G1HeapRegionSize                         = 1048576                                   {product} {ergonomic}
    uintx GCDrainStackTargetSize                   = 64                                        {product} {ergonomic}
   size_t InitialHeapSize                          = 67108864                                  {product} {ergonomic}
     bool ManagementServer                         = true                                      {product} {command line}
   size_t MarkStackSize                            = 4194304                                   {product} {ergonomic}
   size_t MaxHeapSize                              = 1050673152                                {product} {ergonomic}
   size_t MaxNewSize                               = 630194176                                 {product} {ergonomic}
   size_t MinHeapDeltaBytes                        = 1048576                                   {product} {ergonomic}
   size_t MinHeapSize                              = 8388608                                   {product} {ergonomic}
    uintx NonProfiledCodeHeapSize                  = 0                                      {pd product} {ergonomic}
     bool ProfileInterpreter                       = false                                  {pd product} {command line}
    uintx ProfiledCodeHeapSize                     = 0                                      {pd product} {ergonomic}
     bool ShowCodeDetailsInExceptionMessages       = true                                   {manageable} {command line}
   size_t SoftMaxHeapSize                          = 1050673152                             {manageable} {ergonomic}
     intx TieredStopAtLevel                        = 1                                         {product} {command line}
     bool UseCompressedClassPointers               = true                           {product lp64_product} {ergonomic}
     bool UseCompressedOops                        = true                           {product lp64_product} {ergonomic}
     bool UseG1GC                                  = true                                      {product} {ergonomic}
     bool UseLargePagesIndividualAllocation        = false                                  {pd product} {ergonomic}

Logging:
Log output configuration:
 #0: stdout all=warning uptime,level,tags
 #1: stderr all=off uptime,level,tags

Environment Variables:
PATH=C:/Users/elildes/Documents/App/sts-4.16.1.RELEASE//plugins/org.eclipse.justj.openjdk.hotspot.jre.full.win32.x86_64_17.0.4.v20221004-1257/jre/bin/server;C:/Users/elildes/Documents/App/sts-4.16.1.RELEASE//plugins/org.eclipse.justj.openjdk.hotspot.jre.full.win32.x86_64_17.0.4.v20221004-1257/jre/bin;C:\Program Files\Python311\Scripts\;C:\Program Files\Python311\;C:\Program Files\Common Files\Oracle\Java\javapath;C:\WINDOWS\system32;C:\WINDOWS;C:\WINDOWS\System32\Wbem;C:\WINDOWS\System32\WindowsPowerShell\v1.0\;C:\WINDOWS\System32\OpenSSH\;C:\Program Files\Git\cmd;C:\Program Files\Docker\Docker\resources\bin;C:\Users\elildes\Documents\App\eclipse-jee-2022-06-R;C:\Users\elildes\Documents\App\sts-4.16.1.RELEASE;C:\Program Files\nodejs;C:\ProgramData\chocolatey\bin;C:\Users\elildes\AppData\Local\Microsoft\WindowsApps;;C:\Users\elildes\AppData\Local\Programs\Microsoft VS Code\bin;C:\Users\elildes\AppData\Roaming\npm;C:\Users\elildes\Documents\App\sts-4.16.1.RELEASE;
USERNAME=elildes
OS=Windows_NT
PROCESSOR_IDENTIFIER=Intel64 Family 6 Model 61 Stepping 4, GenuineIntel
TMP=C:\Users\elildes\AppData\Local\Temp
TEMP=C:\Users\elildes\AppData\Local\Temp



---------------  S Y S T E M  ---------------

OS:
 Windows 10 , 64 bit Build 19041 (10.0.19041.2251)
OS uptime: 1 days 3:52 hours
Hyper-V role detected

CPU: total 4 (initial active 4) (2 cores per cpu, 2 threads per core) family 6 model 61 stepping 4 microcode 0x2e, cx8, cmov, fxsr, ht, mmx, 3dnowpref, sse, sse2, sse3, ssse3, sse4.1, sse4.2, popcnt, lzcnt, tsc, tscinvbit, avx, avx2, aes, erms, clmul, bmi1, bmi2, adx, fma, vzeroupper, clflush, hv

Memory: 4k page, system-wide physical 4006M (230M free)
TotalPageFile size 16294M (AvailPageFile size 0M)
current process WorkingSet (physical memory assigned to process): 49M, peak: 49M
current process commit charge ("private bytes"): 134M, peak: 134M

vm_info: OpenJDK 64-Bit Server VM (17.0.4.1+1) for windows-amd64 JRE (17.0.4.1+1), built on Aug 17 2022 07:42:43 by "temurin" with MS VC++ 16.7 (VS2019)

END.
